2025-03-14T23:08:30+00:00 INFO Array
(
    [Webhook Delivery] => Array
        (
            [Delivery ID] => 9e20f6a8c80d73c1b190686ccbe1d7d6
            [Date] => 14 de março de 2025 @ 23:08
            [URL] => https://webhooks-woocommerce.omnisend.com/brands/66aa9c4215d1eb8f39fbe234/products
            [Duration] => 0.41712
            [Request] => Array
                (
                    [Method] => POST
                    [Headers] => Array
                        (
                            [User-Agent] => WooCommerce/9.1.4 Hookshot (WordPress/6.6.2)
                            [Content-Type] => application/json
                            [X-WC-Webhook-Source] => https://atitudeconfeccoes.com/
                            [X-WC-Webhook-Topic] => product.updated
                            [X-WC-Webhook-Resource] => product
                            [X-WC-Webhook-Event] => updated
                            [X-WC-Webhook-Signature] => P3C4G8BI+tJrfC6i6zJ+OpXYXA3Tt5JxkF+YarnkJNk=
                            [X-WC-Webhook-ID] => 4
                            [X-WC-Webhook-Delivery-ID] => 9e20f6a8c80d73c1b190686ccbe1d7d6
                        )

                )

            [Body] => Webhook body is not logged unless WP_DEBUG mode is turned on. This is to avoid the storing of personal data in the logs.
            [Response] => Array
                (
                    [Code] => 200
                    [Message] => OK
                    [Headers] => WpOrg\Requests\Utility\CaseInsensitiveDictionary Object
                        (
                            [data:protected] => Array
                                (
                                    [date] => Fri, 14 Mar 2025 23:08:30 GMT
                                    [content-length] => 0
                                    [access-control-allow-methods] => POST,OPTIONS
                                    [x-envoy-upstream-service-time] => 4
                                    [via] => 1.1 google
                                    [alt-svc] => h3=":443"; ma=86400
                                    [cf-cache-status] => DYNAMIC
                                    [strict-transport-security] => max-age=15552000
                                    [x-content-type-options] => nosniff
                                    [server] => cloudflare
                                    [cf-ray] => 92076ef478bdf25e-GRU
                                )

                        )

                    [Body] => Webhook body is not logged unless WP_DEBUG mode is turned on. This is to avoid the storing of personal data in the logs.
                )

        )

)
2025-03-14T23:09:52+00:00 INFO Array
(
    [Webhook Delivery] => Array
        (
            [Delivery ID] => 7acd56cc254096fa28eb4fe008f41d51
            [Date] => 14 de março de 2025 @ 23:09
            [URL] => https://webhooks-woocommerce.omnisend.com/brands/66aa9c4215d1eb8f39fbe234/products
            [Duration] => 0.27363
            [Request] => Array
                (
                    [Method] => POST
                    [Headers] => Array
                        (
                            [User-Agent] => WooCommerce/9.1.4 Hookshot (WordPress/6.6.2)
                            [Content-Type] => application/json
                            [X-WC-Webhook-Source] => https://atitudeconfeccoes.com/
                            [X-WC-Webhook-Topic] => product.updated
                            [X-WC-Webhook-Resource] => product
                            [X-WC-Webhook-Event] => updated
                            [X-WC-Webhook-Signature] => dsY5SEwNVRvevLSAAccOBUrBVHP1VXP+hfMyBfsCQ4Y=
                            [X-WC-Webhook-ID] => 4
                            [X-WC-Webhook-Delivery-ID] => 7acd56cc254096fa28eb4fe008f41d51
                        )

                )

            [Body] => Webhook body is not logged unless WP_DEBUG mode is turned on. This is to avoid the storing of personal data in the logs.
            [Response] => Array
                (
                    [Code] => 200
                    [Message] => OK
                    [Headers] => WpOrg\Requests\Utility\CaseInsensitiveDictionary Object
                        (
                            [data:protected] => Array
                                (
                                    [date] => Fri, 14 Mar 2025 23:09:52 GMT
                                    [content-length] => 0
                                    [access-control-allow-methods] => POST,OPTIONS
                                    [x-envoy-upstream-service-time] => 2
                                    [via] => 1.1 google
                                    [alt-svc] => h3=":443"; ma=86400
                                    [cf-cache-status] => DYNAMIC
                                    [strict-transport-security] => max-age=15552000
                                    [x-content-type-options] => nosniff
                                    [server] => cloudflare
                                    [cf-ray] => 920770f4ae0df204-GRU
                                )

                        )

                    [Body] => Webhook body is not logged unless WP_DEBUG mode is turned on. This is to avoid the storing of personal data in the logs.
                )

        )

)
