2025-04-11T00:09:46+00:00 DEBUG 
====Stripe Version: 9.3.1====
====Stripe Plugin API Version: 2024-06-20====
====Start Log====
Stripe Express Checkout does not support free products.
====End Log====

2025-04-11T00:09:47+00:00 DEBUG 
====Stripe Version: 9.3.1====
====Stripe Plugin API Version: 2024-06-20====
====Start Log====
Stripe Express Checkout does not support free products.
====End Log====

2025-04-11T00:21:25+00:00 DEBUG 
====Stripe Version: 9.3.1====
====Stripe Plugin API Version: 2024-06-20====
====Start Log====
account
====End Log====

2025-04-11T02:39:25+00:00 DEBUG 
====Stripe Version: 9.3.1====
====Stripe Plugin API Version: 2024-06-20====
====Start Log====
account
====End Log====

2025-04-11T06:03:23+00:00 DEBUG 
====Stripe Version: 9.3.1====
====Stripe Plugin API Version: 2024-06-20====
====Start Log====
account
====End Log====

2025-04-11T08:16:46+00:00 DEBUG 
====Stripe Version: 9.3.1====
====Stripe Plugin API Version: 2024-06-20====
====Start Log====
account
====End Log====

2025-04-11T10:24:11+00:00 DEBUG 
====Stripe Version: 9.3.1====
====Stripe Plugin API Version: 2024-06-20====
====Start Log====
account
====End Log====

2025-04-11T12:21:41+00:00 DEBUG 
====Stripe Version: 9.3.1====
====Stripe Plugin API Version: 2024-06-20====
====Start Log====
Stripe Express Checkout does not support free products.
====End Log====

2025-04-11T13:10:55+00:00 DEBUG 
====Stripe Version: 9.3.1====
====Stripe Plugin API Version: 2024-06-20====
====Start Log====
account
====End Log====

2025-04-11T15:31:36+00:00 DEBUG 
====Stripe Version: 9.3.1====
====Stripe Plugin API Version: 2024-06-20====
====Start Log====
account
====End Log====

2025-04-11T18:21:04+00:00 DEBUG 
====Stripe Version: 9.3.1====
====Stripe Plugin API Version: 2024-06-20====
====Start Log====
account
====End Log====

2025-04-11T20:49:48+00:00 DEBUG 
====Stripe Version: 9.3.1====
====Stripe Plugin API Version: 2024-06-20====
====Start Log====
account
====End Log====

