2025-04-02T00:09:50+00:00 DEBUG 
====Stripe Version: 8.7.0====
====Stripe Plugin API Version: 2024-06-20====
====Start Log====
account
====End Log====

2025-04-02T00:09:50+00:00 DEBUG 
====Stripe Version: 8.7.0====
====Stripe Plugin API Version: 2024-06-20====
====Start Log====
payment_intents/pi_3R9BTBDmyRxIVAFt2KJY5ojM?expand[]=payment_method request: Array
(
)

====End Log====

2025-04-02T00:09:51+00:00 DEBUG 
====Stripe Version: 8.7.0====
====Stripe Plugin API Version: 2024-06-20====
====Start Log====
payment_intents/pi_3R9BTBDmyRxIVAFt2KJY5ojM?expand[]=payment_method response with stripe-version: 2024-06-20
====End Log====

2025-04-02T01:41:29+00:00 DEBUG 
====Stripe Version: 8.7.0====
====Stripe Plugin API Version: 2024-06-20====
====Start Log====
payment_intents/pi_3R9BTBDmyRxIVAFt2KJY5ojM?expand[]=payment_method request: Array
(
)

====End Log====

2025-04-02T01:41:29+00:00 DEBUG 
====Stripe Version: 8.7.0====
====Stripe Plugin API Version: 2024-06-20====
====Start Log====
payment_intents/pi_3R9BTBDmyRxIVAFt2KJY5ojM?expand[]=payment_method response with stripe-version: 2024-06-20
====End Log====

2025-04-02T02:16:10+00:00 DEBUG 
====Stripe Version: 8.7.0====
====Stripe Plugin API Version: 2024-06-20====
====Start Log====
account
====End Log====

2025-04-02T02:41:50+00:00 DEBUG 
====Stripe Version: 8.7.0====
====Stripe Plugin API Version: 2024-06-20====
====Start Log====
payment_intents/pi_3R9BTBDmyRxIVAFt2KJY5ojM?expand[]=payment_method request: Array
(
)

====End Log====

2025-04-02T02:41:51+00:00 DEBUG 
====Stripe Version: 8.7.0====
====Stripe Plugin API Version: 2024-06-20====
====Start Log====
payment_intents/pi_3R9BTBDmyRxIVAFt2KJY5ojM?expand[]=payment_method response with stripe-version: 2024-06-20
====End Log====

2025-04-02T03:53:38+00:00 DEBUG 
====Stripe Version: 8.7.0====
====Stripe Plugin API Version: 2024-06-20====
====Start Log====
payment_intents/pi_3R9BTBDmyRxIVAFt2KJY5ojM?expand[]=payment_method request: Array
(
)

====End Log====

2025-04-02T03:53:39+00:00 DEBUG 
====Stripe Version: 8.7.0====
====Stripe Plugin API Version: 2024-06-20====
====Start Log====
payment_intents/pi_3R9BTBDmyRxIVAFt2KJY5ojM?expand[]=payment_method response with stripe-version: 2024-06-20
====End Log====

2025-04-02T04:53:51+00:00 DEBUG 
====Stripe Version: 8.7.0====
====Stripe Plugin API Version: 2024-06-20====
====Start Log====
account
====End Log====

2025-04-02T04:53:52+00:00 DEBUG 
====Stripe Version: 8.7.0====
====Stripe Plugin API Version: 2024-06-20====
====Start Log====
payment_intents/pi_3R9BTBDmyRxIVAFt2KJY5ojM?expand[]=payment_method request: Array
(
)

====End Log====

2025-04-02T04:53:53+00:00 DEBUG 
====Stripe Version: 8.7.0====
====Stripe Plugin API Version: 2024-06-20====
====Start Log====
payment_intents/pi_3R9BTBDmyRxIVAFt2KJY5ojM?expand[]=payment_method response with stripe-version: 2024-06-20
====End Log====

2025-04-02T06:15:59+00:00 DEBUG 
====Stripe Version: 8.7.0====
====Stripe Plugin API Version: 2024-06-20====
====Start Log====
payment_intents/pi_3R9BTBDmyRxIVAFt2KJY5ojM?expand[]=payment_method request: Array
(
)

====End Log====

2025-04-02T06:15:59+00:00 DEBUG 
====Stripe Version: 8.7.0====
====Stripe Plugin API Version: 2024-06-20====
====Start Log====
payment_intents/pi_3R9BTBDmyRxIVAFt2KJY5ojM?expand[]=payment_method response with stripe-version: 2024-06-20
====End Log====

2025-04-02T07:19:32+00:00 DEBUG 
====Stripe Version: 8.7.0====
====Stripe Plugin API Version: 2024-06-20====
====Start Log====
account
====End Log====

2025-04-02T07:19:33+00:00 DEBUG 
====Stripe Version: 8.7.0====
====Stripe Plugin API Version: 2024-06-20====
====Start Log====
payment_intents/pi_3R9BTBDmyRxIVAFt2KJY5ojM?expand[]=payment_method request: Array
(
)

====End Log====

2025-04-02T07:19:34+00:00 DEBUG 
====Stripe Version: 8.7.0====
====Stripe Plugin API Version: 2024-06-20====
====Start Log====
payment_intents/pi_3R9BTBDmyRxIVAFt2KJY5ojM?expand[]=payment_method response with stripe-version: 2024-06-20
====End Log====

2025-04-02T08:26:01+00:00 DEBUG 
====Stripe Version: 8.7.0====
====Stripe Plugin API Version: 2024-06-20====
====Start Log====
payment_intents/pi_3R9BTBDmyRxIVAFt2KJY5ojM?expand[]=payment_method request: Array
(
)

====End Log====

2025-04-02T08:26:02+00:00 DEBUG 
====Stripe Version: 8.7.0====
====Stripe Plugin API Version: 2024-06-20====
====Start Log====
payment_intents/pi_3R9BTBDmyRxIVAFt2KJY5ojM?expand[]=payment_method response with stripe-version: 2024-06-20
====End Log====

2025-04-02T09:21:49+00:00 DEBUG 
====Stripe Version: 8.7.0====
====Stripe Plugin API Version: 2024-06-20====
====Start Log====
account
====End Log====

2025-04-02T09:39:09+00:00 DEBUG 
====Stripe Version: 8.7.0====
====Stripe Plugin API Version: 2024-06-20====
====Start Log====
payment_intents/pi_3R9BTBDmyRxIVAFt2KJY5ojM?expand[]=payment_method request: Array
(
)

====End Log====

2025-04-02T09:39:10+00:00 DEBUG 
====Stripe Version: 8.7.0====
====Stripe Plugin API Version: 2024-06-20====
====Start Log====
payment_intents/pi_3R9BTBDmyRxIVAFt2KJY5ojM?expand[]=payment_method response with stripe-version: 2024-06-20
====End Log====

2025-04-02T10:45:45+00:00 DEBUG 
====Stripe Version: 8.7.0====
====Stripe Plugin API Version: 2024-06-20====
====Start Log====
payment_intents/pi_3R9BTBDmyRxIVAFt2KJY5ojM?expand[]=payment_method request: Array
(
)

====End Log====

2025-04-02T10:45:45+00:00 DEBUG 
====Stripe Version: 8.7.0====
====Stripe Plugin API Version: 2024-06-20====
====Start Log====
payment_intents/pi_3R9BTBDmyRxIVAFt2KJY5ojM?expand[]=payment_method response with stripe-version: 2024-06-20
====End Log====

2025-04-02T11:34:30+00:00 DEBUG 
====Stripe Version: 8.7.0====
====Stripe Plugin API Version: 2024-06-20====
====Start Log====
account
====End Log====

2025-04-02T11:53:54+00:00 DEBUG 
====Stripe Version: 8.7.0====
====Stripe Plugin API Version: 2024-06-20====
====Start Log====
payment_intents/pi_3R9BTBDmyRxIVAFt2KJY5ojM?expand[]=payment_method request: Array
(
)

====End Log====

2025-04-02T11:53:54+00:00 DEBUG 
====Stripe Version: 8.7.0====
====Stripe Plugin API Version: 2024-06-20====
====Start Log====
payment_intents/pi_3R9BTBDmyRxIVAFt2KJY5ojM?expand[]=payment_method response with stripe-version: 2024-06-20
====End Log====

2025-04-02T12:54:39+00:00 DEBUG 
====Stripe Version: 8.7.0====
====Stripe Plugin API Version: 2024-06-20====
====Start Log====
payment_intents/pi_3R9BTBDmyRxIVAFt2KJY5ojM?expand[]=payment_method request: Array
(
)

====End Log====

2025-04-02T12:54:40+00:00 DEBUG 
====Stripe Version: 8.7.0====
====Stripe Plugin API Version: 2024-06-20====
====Start Log====
payment_intents/pi_3R9BTBDmyRxIVAFt2KJY5ojM?expand[]=payment_method response with stripe-version: 2024-06-20
====End Log====

2025-04-02T13:49:32+00:00 DEBUG 
====Stripe Version: 8.7.0====
====Stripe Plugin API Version: 2024-06-20====
====Start Log====
account
====End Log====

2025-04-02T14:12:19+00:00 DEBUG 
====Stripe Version: 8.7.0====
====Stripe Plugin API Version: 2024-06-20====
====Start Log====
payment_intents/pi_3R9BTBDmyRxIVAFt2KJY5ojM?expand[]=payment_method request: Array
(
)

====End Log====

2025-04-02T14:12:20+00:00 DEBUG 
====Stripe Version: 8.7.0====
====Stripe Plugin API Version: 2024-06-20====
====Start Log====
payment_intents/pi_3R9BTBDmyRxIVAFt2KJY5ojM?expand[]=payment_method response with stripe-version: 2024-06-20
====End Log====

2025-04-02T15:20:08+00:00 DEBUG 
====Stripe Version: 8.7.0====
====Stripe Plugin API Version: 2024-06-20====
====Start Log====
payment_intents/pi_3R9BTBDmyRxIVAFt2KJY5ojM?expand[]=payment_method request: Array
(
)

====End Log====

2025-04-02T15:20:09+00:00 DEBUG 
====Stripe Version: 8.7.0====
====Stripe Plugin API Version: 2024-06-20====
====Start Log====
payment_intents/pi_3R9BTBDmyRxIVAFt2KJY5ojM?expand[]=payment_method response with stripe-version: 2024-06-20
====End Log====

2025-04-02T15:50:06+00:00 DEBUG 
====Stripe Version: 8.7.0====
====Stripe Plugin API Version: 2024-06-20====
====Start Log====
account
====End Log====

2025-04-02T16:24:21+00:00 DEBUG 
====Stripe Version: 8.7.0====
====Stripe Plugin API Version: 2024-06-20====
====Start Log====
payment_intents/pi_3R9BTBDmyRxIVAFt2KJY5ojM?expand[]=payment_method request: Array
(
)

====End Log====

2025-04-02T16:24:21+00:00 DEBUG 
====Stripe Version: 8.7.0====
====Stripe Plugin API Version: 2024-06-20====
====Start Log====
payment_intents/pi_3R9BTBDmyRxIVAFt2KJY5ojM?expand[]=payment_method response with stripe-version: 2024-06-20
====End Log====

2025-04-02T17:32:37+00:00 DEBUG 
====Stripe Version: 8.7.0====
====Stripe Plugin API Version: 2024-06-20====
====Start Log====
payment_intents/pi_3R9BTBDmyRxIVAFt2KJY5ojM?expand[]=payment_method request: Array
(
)

====End Log====

2025-04-02T17:32:37+00:00 DEBUG 
====Stripe Version: 8.7.0====
====Stripe Plugin API Version: 2024-06-20====
====Start Log====
payment_intents/pi_3R9BTBDmyRxIVAFt2KJY5ojM?expand[]=payment_method response with stripe-version: 2024-06-20
====End Log====

2025-04-02T17:59:18+00:00 DEBUG 
====Stripe Version: 8.7.0====
====Stripe Plugin API Version: 2024-06-20====
====Start Log====
account
====End Log====

2025-04-02T18:45:16+00:00 DEBUG 
====Stripe Version: 8.7.0====
====Stripe Plugin API Version: 2024-06-20====
====Start Log====
payment_intents/pi_3R9BTBDmyRxIVAFt2KJY5ojM?expand[]=payment_method request: Array
(
)

====End Log====

2025-04-02T18:45:17+00:00 DEBUG 
====Stripe Version: 8.7.0====
====Stripe Plugin API Version: 2024-06-20====
====Start Log====
payment_intents/pi_3R9BTBDmyRxIVAFt2KJY5ojM?expand[]=payment_method response with stripe-version: 2024-06-20
====End Log====

2025-04-02T19:50:11+00:00 DEBUG 
====Stripe Version: 8.7.0====
====Stripe Plugin API Version: 2024-06-20====
====Start Log====
payment_intents/pi_3R9BTBDmyRxIVAFt2KJY5ojM?expand[]=payment_method request: Array
(
)

====End Log====

2025-04-02T19:50:12+00:00 DEBUG 
====Stripe Version: 8.7.0====
====Stripe Plugin API Version: 2024-06-20====
====Start Log====
payment_intents/pi_3R9BTBDmyRxIVAFt2KJY5ojM?expand[]=payment_method response with stripe-version: 2024-06-20
====End Log====

2025-04-02T20:12:09+00:00 DEBUG 
====Stripe Version: 8.7.0====
====Stripe Plugin API Version: 2024-06-20====
====Start Log====
account
====End Log====

2025-04-02T20:54:03+00:00 DEBUG 
====Stripe Version: 8.7.0====
====Stripe Plugin API Version: 2024-06-20====
====Start Log====
payment_intents/pi_3R9BTBDmyRxIVAFt2KJY5ojM?expand[]=payment_method request: Array
(
)

====End Log====

2025-04-02T20:54:03+00:00 DEBUG 
====Stripe Version: 8.7.0====
====Stripe Plugin API Version: 2024-06-20====
====Start Log====
payment_intents/pi_3R9BTBDmyRxIVAFt2KJY5ojM?expand[]=payment_method response with stripe-version: 2024-06-20
====End Log====

2025-04-02T22:16:48+00:00 DEBUG 
====Stripe Version: 8.7.0====
====Stripe Plugin API Version: 2024-06-20====
====Start Log====
account
====End Log====

