2025-04-12T00:42:27+00:00 DEBUG 
====Stripe Version: 9.3.1====
====Stripe Plugin API Version: 2024-06-20====
====Start Log====
account
====End Log====

2025-04-12T03:05:29+00:00 DEBUG 
====Stripe Version: 9.3.1====
====Stripe Plugin API Version: 2024-06-20====
====Start Log====
account
====End Log====

2025-04-12T05:58:32+00:00 DEBUG 
====Stripe Version: 9.3.1====
====Stripe Plugin API Version: 2024-06-20====
====Start Log====
account
====End Log====

2025-04-12T09:09:34+00:00 DEBUG 
====Stripe Version: 9.3.1====
====Stripe Plugin API Version: 2024-06-20====
====Start Log====
account
====End Log====

2025-04-12T12:11:10+00:00 DEBUG 
====Stripe Version: 9.3.1====
====Stripe Plugin API Version: 2024-06-20====
====Start Log====
account
====End Log====

2025-04-12T14:26:53+00:00 DEBUG 
====Stripe Version: 9.3.1====
====Stripe Plugin API Version: 2024-06-20====
====Start Log====
account
====End Log====

2025-04-12T14:26:54+00:00 DEBUG 
====Stripe Version: 9.3.1====
====Stripe Plugin API Version: 2024-06-20====
====Start Log====
account
====End Log====

2025-04-12T14:26:55+00:00 DEBUG 
====Stripe Version: 9.3.1====
====Stripe Plugin API Version: 2024-06-20====
====Start Log====
account
====End Log====

2025-04-12T14:26:56+00:00 DEBUG 
====Stripe Version: 9.3.1====
====Stripe Plugin API Version: 2024-06-20====
====Start Log====
account
====End Log====

2025-04-12T14:26:57+00:00 DEBUG 
====Stripe Version: 9.3.1====
====Stripe Plugin API Version: 2024-06-20====
====Start Log====
account
====End Log====

2025-04-12T14:26:57+00:00 DEBUG 
====Stripe Version: 9.3.1====
====Stripe Plugin API Version: 2024-06-20====
====Start Log====
account
====End Log====

2025-04-12T14:26:58+00:00 DEBUG 
====Stripe Version: 9.3.1====
====Stripe Plugin API Version: 2024-06-20====
====Start Log====
account
====End Log====

2025-04-12T14:26:59+00:00 DEBUG 
====Stripe Version: 9.3.1====
====Stripe Plugin API Version: 2024-06-20====
====Start Log====
account
====End Log====

2025-04-12T14:27:00+00:00 DEBUG 
====Stripe Version: 9.3.1====
====Stripe Plugin API Version: 2024-06-20====
====Start Log====
account
====End Log====

2025-04-12T14:27:00+00:00 DEBUG 
====Stripe Version: 9.3.1====
====Stripe Plugin API Version: 2024-06-20====
====Start Log====
account
====End Log====

2025-04-12T16:37:16+00:00 DEBUG 
====Stripe Version: 9.3.1====
====Stripe Plugin API Version: 2024-06-20====
====Start Log====
account
====End Log====

2025-04-12T19:10:30+00:00 DEBUG 
====Stripe Version: 9.3.1====
====Stripe Plugin API Version: 2024-06-20====
====Start Log====
account
====End Log====

